  MainForm.cpp
d:\github\opencv-image-processing\yazlabproject1\MainForm.h(468): warning C4267: 'argument': conversion from 'size_t' to 'int', possible loss of data
d:\github\opencv-image-processing\yazlabproject1\MainForm.h(511): warning C4267: 'argument': conversion from 'size_t' to 'int', possible loss of data
d:\github\opencv-image-processing\yazlabproject1\MainForm.h(513): warning C4244: 'argument': conversion from 'int' to 'float', possible loss of data
d:\github\opencv-image-processing\yazlabproject1\MainForm.h(552): warning C4101: 'e': unreferenced local variable
d:\github\opencv-image-processing\yazlabproject1\MainForm.h(580): warning C4101: 'e': unreferenced local variable
d:\github\opencv-image-processing\yazlabproject1\MainForm.h(609): warning C4101: 'e': unreferenced local variable
d:\github\opencv-image-processing\yazlabproject1\MainForm.h(668): warning C4101: 'e': unreferenced local variable
d:\github\opencv-image-processing\yazlabproject1\MainForm.h(710): warning C4101: 'e': unreferenced local variable
d:\github\opencv-image-processing\yazlabproject1\MainForm.h(764): warning C4101: 'e': unreferenced local variable
d:\github\opencv-image-processing\yazlabproject1\MainForm.h(818): warning C4244: 'initializing': conversion from 'float' to 'int', possible loss of data
MainForm.cpp(7): warning C4829: Possibly incorrect parameters to function main. Consider 'int main(Platform::Array<Platform::String^>^ argv)'
  inputDialogBox.cpp
  Generating Code...
c:\opencv\build\include\opencv2\core\cvstd.hpp(596): warning C4793: 'cv::String::String': function compiled as native:
  	Found an intrinsic not supported in managed code
c:\opencv\build\include\opencv2\core\mat.inl.hpp(413): warning C4793: 'cv::Mat::Mat': function compiled as native:
  	Found an intrinsic not supported in managed code
c:\opencv\build\include\opencv2\core\mat.inl.hpp(703): warning C4793: 'cv::Mat::release': function compiled as native:
  	Found an intrinsic not supported in managed code
c:\opencv\build\include\opencv2\core\mat.inl.hpp(1929): warning C4793: 'cv::SparseMat::addref': function compiled as native:
  	Found an intrinsic not supported in managed code
c:\opencv\build\include\opencv2\core\mat.inl.hpp(3530): warning C4793: 'cv::UMat::addref': function compiled as native:
  	Found an intrinsic not supported in managed code
c:\opencv\build\include\opencv2\core\ptr.inl.hpp(67): warning C4793: 'cv::detail::PtrOwner::incRef': function compiled as native:
  	Found an intrinsic not supported in managed code
c:\opencv\build\include\opencv2\core\ptr.inl.hpp(72): warning C4793: 'cv::detail::PtrOwner::decRef': function compiled as native:
  	Found an intrinsic not supported in managed code
c:\opencv\build\include\opencv2\core\mat.inl.hpp(601): warning C4793: 'cv::Mat::operator=': function compiled as native:
  	Found an intrinsic not supported in managed code
  yazLabProject1.vcxproj -> D:\Github\OpenCV-Image-Processing\x64\Debug\yazLabProject1.exe
